<?xml version="1.0" encoding="UTF-8"?>
<coverage generated="1596263196273" clover="3.2.0">
  <project timestamp="1596263196273" name="All files">
    <metrics statements="29" coveredstatements="25" conditionals="8" coveredconditionals="6" methods="14" coveredmethods="12" elements="51" coveredelements="43" complexity="0" loc="29" ncloc="29" packages="1" files="5" classes="5"/>
    <file name="CheckboxWithLabel.tsx" path="/Users/chenhongwei/Desktop/study/单元测试/jesst/src/CheckboxWithLabel.tsx">
      <metrics statements="4" coveredstatements="4" conditionals="2" coveredconditionals="2" methods="2" coveredmethods="2"/>
      <line num="13" count="3" type="stmt"/>
      <line num="17" count="3" type="stmt"/>
      <line num="18" count="1" type="stmt"/>
      <line num="22" count="4" type="stmt"/>
    </file>
    <file name="Link.tsx" path="/Users/chenhongwei/Desktop/study/单元测试/jesst/src/Link.tsx">
      <metrics statements="8" coveredstatements="8" conditionals="2" coveredconditionals="2" methods="4" coveredmethods="4"/>
      <line num="3" count="1" type="stmt"/>
      <line num="18" count="4" type="stmt"/>
      <line num="19" count="4" type="stmt"/>
      <line num="24" count="4" type="stmt"/>
      <line num="25" count="1" type="stmt"/>
      <line num="28" count="4" type="stmt"/>
      <line num="29" count="1" type="stmt"/>
      <line num="33" count="6" type="stmt"/>
    </file>
    <file name="Person.ts" path="/Users/chenhongwei/Desktop/study/单元测试/jesst/src/Person.ts">
      <metrics statements="1" coveredstatements="0" conditionals="0" coveredconditionals="0" methods="1" coveredmethods="0"/>
      <line num="5" count="0" type="stmt"/>
    </file>
    <file name="index.ts" path="/Users/chenhongwei/Desktop/study/单元测试/jesst/src/index.ts">
      <metrics statements="11" coveredstatements="8" conditionals="2" coveredconditionals="0" methods="5" coveredmethods="4"/>
      <line num="3" count="1" type="stmt"/>
      <line num="4" count="3" type="stmt"/>
      <line num="5" count="3" type="stmt"/>
      <line num="6" count="3" type="stmt"/>
      <line num="7" count="3" type="stmt"/>
      <line num="8" count="3" type="stmt"/>
      <line num="11" count="0" type="stmt"/>
      <line num="17" count="1" type="stmt"/>
      <line num="18" count="1" type="stmt"/>
      <line num="19" count="0" type="cond" truecount="0" falsecount="2"/>
      <line num="20" count="0" type="stmt"/>
    </file>
    <file name="timer.ts" path="/Users/chenhongwei/Desktop/study/单元测试/jesst/src/timer.ts">
      <metrics statements="5" coveredstatements="5" conditionals="2" coveredconditionals="2" methods="2" coveredmethods="2"/>
      <line num="5" count="4" type="stmt"/>
      <line num="6" count="4" type="stmt"/>
      <line num="7" count="4" type="stmt"/>
      <line num="8" count="4" type="cond" truecount="2" falsecount="0"/>
      <line num="12" count="1" type="stmt"/>
    </file>
  </project>
</coverage>
