{"/Users/chenhongwei/Desktop/study/单元测试/jesst/src/CheckboxWithLabel.tsx": {"path":"/Users/chenhongwei/Desktop/study/单元测试/jesst/src/CheckboxWithLabel.tsx","statementMap":{"0":{"start":{"line":13,"column":10},"end":{"line":15,"column":3}},"1":{"start":{"line":17,"column":13},"end":{"line":19,"column":3}},"2":{"start":{"line":18,"column":4},"end":{"line":18,"column":54}},"3":{"start":{"line":22,"column":4},"end":{"line":31,"column":6}}},"fnMap":{"0":{"name":"(anonymous_0)","decl":{"start":{"line":17,"column":13},"end":{"line":17,"column":14}},"loc":{"start":{"line":17,"column":19},"end":{"line":19,"column":3}},"line":17},"1":{"name":"(anonymous_1)","decl":{"start":{"line":21,"column":2},"end":{"line":21,"column":3}},"loc":{"start":{"line":21,"column":11},"end":{"line":32,"column":3}},"line":21}},"branchMap":{"0":{"loc":{"start":{"line":29,"column":9},"end":{"line":29,"column":72}},"type":"cond-expr","locations":[{"start":{"line":29,"column":32},"end":{"line":29,"column":50}},{"start":{"line":29,"column":53},"end":{"line":29,"column":72}}],"line":29}},"s":{"0":3,"1":3,"2":1,"3":4},"f":{"0":1,"1":4},"b":{"0":[1,3]},"_coverageSchema":"1a1c01bbd47fc00a2c39e90264f33305004495a9","hash":"a9c9bb033dbbbf8afc2502980a768e78ed588edc"}
,"/Users/chenhongwei/Desktop/study/单元测试/jesst/src/Link.tsx": {"path":"/Users/chenhongwei/Desktop/study/单元测试/jesst/src/Link.tsx","statementMap":{"0":{"start":{"line":3,"column":15},"end":{"line":6,"column":1}},"1":{"start":{"line":18,"column":4},"end":{"line":18,"column":17}},"2":{"start":{"line":19,"column":4},"end":{"line":21,"column":6}},"3":{"start":{"line":24,"column":18},"end":{"line":26,"column":3}},"4":{"start":{"line":25,"column":4},"end":{"line":25,"column":43}},"5":{"start":{"line":28,"column":18},"end":{"line":30,"column":3}},"6":{"start":{"line":29,"column":4},"end":{"line":29,"column":42}},"7":{"start":{"line":33,"column":4},"end":{"line":42,"column":6}}},"fnMap":{"0":{"name":"(anonymous_0)","decl":{"start":{"line":17,"column":2},"end":{"line":17,"column":3}},"loc":{"start":{"line":17,"column":21},"end":{"line":22,"column":3}},"line":17},"1":{"name":"(anonymous_1)","decl":{"start":{"line":24,"column":18},"end":{"line":24,"column":19}},"loc":{"start":{"line":24,"column":24},"end":{"line":26,"column":3}},"line":24},"2":{"name":"(anonymous_2)","decl":{"start":{"line":28,"column":18},"end":{"line":28,"column":19}},"loc":{"start":{"line":28,"column":24},"end":{"line":30,"column":3}},"line":28},"3":{"name":"(anonymous_3)","decl":{"start":{"line":32,"column":2},"end":{"line":32,"column":3}},"loc":{"start":{"line":32,"column":11},"end":{"line":43,"column":3}},"line":32}},"branchMap":{"0":{"loc":{"start":{"line":36,"column":14},"end":{"line":36,"column":36}},"type":"binary-expr","locations":[{"start":{"line":36,"column":14},"end":{"line":36,"column":29}},{"start":{"line":36,"column":33},"end":{"line":36,"column":36}}],"line":36}},"s":{"0":1,"1":4,"2":4,"3":4,"4":1,"5":4,"6":1,"7":6},"f":{"0":4,"1":1,"2":1,"3":6},"b":{"0":[6,2]},"_coverageSchema":"1a1c01bbd47fc00a2c39e90264f33305004495a9","hash":"ac473047107ebbbeb376ecd769f1329dcdbddebd"}
,"/Users/chenhongwei/Desktop/study/单元测试/jesst/src/Person.ts": {"path":"/Users/chenhongwei/Desktop/study/单元测试/jesst/src/Person.ts","statementMap":{"0":{"start":{"line":5,"column":4},"end":{"line":5,"column":28}}},"fnMap":{"0":{"name":"(anonymous_0)","decl":{"start":{"line":4,"column":2},"end":{"line":4,"column":3}},"loc":{"start":{"line":4,"column":25},"end":{"line":6,"column":3}},"line":4}},"branchMap":{},"s":{"0":0},"f":{"0":0},"b":{},"_coverageSchema":"1a1c01bbd47fc00a2c39e90264f33305004495a9","hash":"77124a7c9578e8e21a611e9fa2dd254fb226d5e7"}
,"/Users/chenhongwei/Desktop/study/单元测试/jesst/src/index.ts": {"path":"/Users/chenhongwei/Desktop/study/单元测试/jesst/src/index.ts","statementMap":{"0":{"start":{"line":3,"column":25},"end":{"line":15,"column":1}},"1":{"start":{"line":4,"column":2},"end":{"line":14,"column":4}},"2":{"start":{"line":5,"column":4},"end":{"line":12,"column":5}},"3":{"start":{"line":6,"column":20},"end":{"line":9,"column":14}},"4":{"start":{"line":7,"column":8},"end":{"line":7,"column":29}},"5":{"start":{"line":8,"column":8},"end":{"line":8,"column":28}},"6":{"start":{"line":11,"column":6},"end":{"line":11,"column":20}},"7":{"start":{"line":17,"column":25},"end":{"line":22,"column":1}},"8":{"start":{"line":18,"column":16},"end":{"line":21,"column":9}},"9":{"start":{"line":19,"column":4},"end":{"line":19,"column":15}},"10":{"start":{"line":20,"column":4},"end":{"line":20,"column":24}}},"fnMap":{"0":{"name":"(anonymous_0)","decl":{"start":{"line":3,"column":25},"end":{"line":3,"column":26}},"loc":{"start":{"line":3,"column":67},"end":{"line":15,"column":1}},"line":3},"1":{"name":"(anonymous_1)","decl":{"start":{"line":4,"column":21},"end":{"line":4,"column":22}},"loc":{"start":{"line":4,"column":42},"end":{"line":14,"column":3}},"line":4},"2":{"name":"(anonymous_2)","decl":{"start":{"line":6,"column":31},"end":{"line":6,"column":32}},"loc":{"start":{"line":6,"column":37},"end":{"line":9,"column":7}},"line":6},"3":{"name":"(anonymous_3)","decl":{"start":{"line":17,"column":25},"end":{"line":17,"column":26}},"loc":{"start":{"line":17,"column":33},"end":{"line":22,"column":1}},"line":17},"4":{"name":"(anonymous_4)","decl":{"start":{"line":18,"column":27},"end":{"line":18,"column":28}},"loc":{"start":{"line":18,"column":33},"end":{"line":21,"column":3}},"line":18}},"branchMap":{"0":{"loc":{"start":{"line":19,"column":4},"end":{"line":19,"column":14}},"type":"binary-expr","locations":[{"start":{"line":19,"column":4},"end":{"line":19,"column":6}},{"start":{"line":19,"column":10},"end":{"line":19,"column":14}}],"line":19}},"s":{"0":1,"1":3,"2":3,"3":3,"4":3,"5":3,"6":0,"7":1,"8":1,"9":0,"10":0},"f":{"0":3,"1":3,"2":3,"3":1,"4":0},"b":{"0":[0,0]},"_coverageSchema":"1a1c01bbd47fc00a2c39e90264f33305004495a9","hash":"1ce75eba4d9fc97384e648c7e67fec0ce1cdde94"}
,"/Users/chenhongwei/Desktop/study/单元测试/jesst/src/timer.ts": {"path":"/Users/chenhongwei/Desktop/study/单元测试/jesst/src/timer.ts","statementMap":{"0":{"start":{"line":5,"column":2},"end":{"line":5,"column":30}},"1":{"start":{"line":6,"column":2},"end":{"line":9,"column":11}},"2":{"start":{"line":7,"column":4},"end":{"line":7,"column":38}},"3":{"start":{"line":8,"column":4},"end":{"line":8,"column":27}},"4":{"start":{"line":12,"column":0},"end":{"line":12,"column":27}}},"fnMap":{"0":{"name":"timerGame","decl":{"start":{"line":4,"column":9},"end":{"line":4,"column":18}},"loc":{"start":{"line":4,"column":29},"end":{"line":10,"column":1}},"line":4},"1":{"name":"(anonymous_1)","decl":{"start":{"line":6,"column":13},"end":{"line":6,"column":14}},"loc":{"start":{"line":6,"column":19},"end":{"line":9,"column":3}},"line":6}},"branchMap":{"0":{"loc":{"start":{"line":8,"column":4},"end":{"line":8,"column":26}},"type":"binary-expr","locations":[{"start":{"line":8,"column":4},"end":{"line":8,"column":12}},{"start":{"line":8,"column":16},"end":{"line":8,"column":26}}],"line":8}},"s":{"0":4,"1":4,"2":4,"3":4,"4":1},"f":{"0":4,"1":4},"b":{"0":[4,4]},"_coverageSchema":"1a1c01bbd47fc00a2c39e90264f33305004495a9","hash":"dc5f5247bbb1264159a7dea0190b4bffe1bf2f38"}
}
