TN:
SF:src/CheckboxWithLabel.tsx
FN:17,(anonymous_0)
FN:21,(anonymous_1)
FNF:2
FNH:2
FNDA:1,(anonymous_0)
FNDA:4,(anonymous_1)
DA:13,3
DA:17,3
DA:18,1
DA:22,4
LF:4
LH:4
BRDA:29,0,0,1
BRDA:29,0,1,3
BRF:2
BRH:2
end_of_record
TN:
SF:src/Link.tsx
FN:17,(anonymous_0)
FN:24,(anonymous_1)
FN:28,(anonymous_2)
FN:32,(anonymous_3)
FNF:4
FNH:4
FNDA:4,(anonymous_0)
FNDA:1,(anonymous_1)
FNDA:1,(anonymous_2)
FNDA:6,(anonymous_3)
DA:3,1
DA:18,4
DA:19,4
DA:24,4
DA:25,1
DA:28,4
DA:29,1
DA:33,6
LF:8
LH:8
BRDA:36,0,0,6
BRDA:36,0,1,2
BRF:2
BRH:2
end_of_record
TN:
SF:src/Person.ts
FN:4,(anonymous_0)
FNF:1
FNH:0
FNDA:0,(anonymous_0)
DA:5,0
LF:1
LH:0
BRF:0
BRH:0
end_of_record
TN:
SF:src/index.ts
FN:3,(anonymous_0)
FN:4,(anonymous_1)
FN:6,(anonymous_2)
FN:17,(anonymous_3)
FN:18,(anonymous_4)
FNF:5
FNH:4
FNDA:3,(anonymous_0)
FNDA:3,(anonymous_1)
FNDA:3,(anonymous_2)
FNDA:1,(anonymous_3)
FNDA:0,(anonymous_4)
DA:3,1
DA:4,3
DA:5,3
DA:6,3
DA:7,3
DA:8,3
DA:11,0
DA:17,1
DA:18,1
DA:19,0
DA:20,0
LF:11
LH:8
BRDA:19,0,0,0
BRDA:19,0,1,0
BRF:2
BRH:0
end_of_record
TN:
SF:src/timer.ts
FN:4,timerGame
FN:6,(anonymous_1)
FNF:2
FNH:2
FNDA:4,timerGame
FNDA:4,(anonymous_1)
DA:5,4
DA:6,4
DA:7,4
DA:8,4
DA:12,1
LF:5
LH:5
BRDA:8,0,0,4
BRDA:8,0,1,4
BRF:2
BRH:2
end_of_record
